<?xml version="1.0" encoding="utf-8"?><testsuites name="pytest tests"><testsuite name="pytest" errors="0" failures="0" skipped="0" tests="7" time="3.136" timestamp="2026-04-02T11:20:49.130001+00:00" hostname="agent-env-8ee44d9f-a481-4e68-9d38-4355acb8b6a0"><testcase classname="tests.test_new_features.TestAuthentication" name="test_login_success" time="0.356" /><testcase classname="tests.test_new_features.TestRoutingOptimization" name="test_routing_optimize_requires_auth" time="0.127" /><testcase classname="tests.test_new_features.TestRoutingOptimization" name="test_routing_optimize_returns_data" time="0.879" /><testcase classname="tests.test_new_features.TestRoutingOptimization" name="test_routing_history_endpoint" time="0.436" /><testcase classname="tests.test_new_features.TestNetworkDiagnostics" name="test_ping_endpoint" time="0.422" /><testcase classname="tests.test_new_features.TestNetworkDiagnostics" name="test_traceroute_endpoint" time="0.434" /><testcase classname="tests.test_new_features.TestTopologyEndpoint" name="test_topology_data_endpoint" time="0.435" /></testsuite></testsuites>