<?xml version="1.0" encoding="utf-8"?><testsuites name="pytest tests"><testsuite name="pytest" errors="0" failures="0" skipped="0" tests="21" time="7.094" timestamp="2026-05-09T11:37:49.057190+00:00" hostname="agent-env-8ee44d9f-a481-4e68-9d38-4355acb8b6a0"><testcase classname="backend.tests.test_new_features.TestAuth" name="test_admin_login" time="0.475" /><testcase classname="backend.tests.test_new_features.TestDashboardLayoutAPI" name="test_get_dashboard_layout" time="0.455" /><testcase classname="backend.tests.test_new_features.TestDashboardLayoutAPI" name="test_save_dashboard_layout" time="0.158" /><testcase classname="backend.tests.test_new_features.TestDashboardLayoutAPI" name="test_save_and_retrieve_layout" time="0.246" /><testcase classname="backend.tests.test_new_features.TestDashboardLayoutAPI" name="test_save_global_layout_admin" time="0.115" /><testcase classname="backend.tests.test_new_features.TestUsersAPI" name="test_get_all_users" time="0.531" /><testcase classname="backend.tests.test_new_features.TestUsersAPI" name="test_create_user" time="0.451" /><testcase classname="backend.tests.test_new_features.TestUsersAPI" name="test_create_user_duplicate_email" time="0.112" /><testcase classname="backend.tests.test_new_features.TestUsersAPI" name="test_get_single_user" time="0.441" /><testcase classname="backend.tests.test_new_features.TestUsersAPI" name="test_update_user" time="0.110" /><testcase classname="backend.tests.test_new_features.TestUsersAPI" name="test_reset_password" time="0.328" /><testcase classname="backend.tests.test_new_features.TestUsersAPI" name="test_delete_user" time="0.765" /><testcase classname="backend.tests.test_new_features.TestO365SettingsAPI" name="test_get_o365_config" time="0.435" /><testcase classname="backend.tests.test_new_features.TestO365SettingsAPI" name="test_save_o365_config" time="0.116" /><testcase classname="backend.tests.test_new_features.TestO365SettingsAPI" name="test_o365_config_persistence" time="0.209" /><testcase classname="backend.tests.test_new_features.TestO365SettingsAPI" name="test_delete_o365_config" time="0.356" /><testcase classname="backend.tests.test_new_features.TestNonAdminAccess" name="test_operator_cannot_get_users" time="1.082" /><testcase classname="backend.tests.test_new_features.TestNonAdminAccess" name="test_operator_cannot_create_user" time="0.108" /><testcase classname="backend.tests.test_new_features.TestNonAdminAccess" name="test_operator_cannot_access_o365_settings" time="0.117" /><testcase classname="backend.tests.test_new_features.TestNonAdminAccess" name="test_operator_cannot_save_global_layout" time="0.117" /><testcase classname="backend.tests.test_new_features.TestNonAdminAccess" name="test_operator_can_save_personal_layout" time="0.226" /></testsuite></testsuites>