<?xml version="1.0" encoding="utf-8"?><testsuites name="pytest tests"><testsuite name="pytest" errors="0" failures="0" skipped="0" tests="13" time="68.815" timestamp="2026-03-20T19:32:37.281182+00:00" hostname="agent-env-8ee44d9f-a481-4e68-9d38-4355acb8b6a0"><testcase classname="tests.test_ai_troubleshoot_device_details.TestAuth" name="test_login_success" time="0.519" /><testcase classname="tests.test_ai_troubleshoot_device_details.TestIncidentAiTroubleshoot" name="test_get_incidents" time="0.538" /><testcase classname="tests.test_ai_troubleshoot_device_details.TestIncidentAiTroubleshoot" name="test_ai_troubleshoot_incident" time="30.234" /><testcase classname="tests.test_ai_troubleshoot_device_details.TestIncidentAiTroubleshoot" name="test_ai_troubleshoot_nonexistent_incident" time="0.341" /><testcase classname="tests.test_ai_troubleshoot_device_details.TestAlertAiTroubleshoot" name="test_get_alerts" time="0.511" /><testcase classname="tests.test_ai_troubleshoot_device_details.TestAlertAiTroubleshoot" name="test_ai_troubleshoot_alert" time="34.058" /><testcase classname="tests.test_ai_troubleshoot_device_details.TestAlertAiTroubleshoot" name="test_ai_troubleshoot_nonexistent_alert" time="0.486" /><testcase classname="tests.test_ai_troubleshoot_device_details.TestEnhancedDeviceDetails" name="test_get_devices_with_enhanced_fields" time="0.581" /><testcase classname="tests.test_ai_troubleshoot_device_details.TestEnhancedDeviceDetails" name="test_create_device_with_enhanced_fields" time="0.296" /><testcase classname="tests.test_ai_troubleshoot_device_details.TestEnhancedDeviceDetails" name="test_device_with_outdated_os" time="0.138" /><testcase classname="tests.test_ai_troubleshoot_device_details.TestEnhancedDeviceDetails" name="test_device_warranty_statuses" time="0.129" /><testcase classname="tests.test_ai_troubleshoot_device_details.TestEnhancedDeviceDetails" name="test_device_aaa_status" time="0.126" /><testcase classname="tests.test_ai_troubleshoot_device_details.TestDeviceDetailsEndpoint" name="test_get_single_device_details" time="0.773" /></testsuite></testsuites>