<?xml version="1.0" encoding="utf-8"?><testsuites name="pytest tests"><testsuite name="pytest" errors="0" failures="0" skipped="0" tests="26" time="8.829" timestamp="2026-03-20T18:45:58.667055+00:00" hostname="agent-env-8ee44d9f-a481-4e68-9d38-4355acb8b6a0"><testcase classname="backend.tests.test_settings_reports.TestAuth" name="test_login_success" time="0.415" /><testcase classname="backend.tests.test_settings_reports.TestEmailSettings" name="test_get_email_config" time="0.550" /><testcase classname="backend.tests.test_settings_reports.TestEmailSettings" name="test_save_email_config" time="0.103" /><testcase classname="backend.tests.test_settings_reports.TestSNMPSettings" name="test_get_snmp_community_configs" time="0.461" /><testcase classname="backend.tests.test_settings_reports.TestSNMPSettings" name="test_create_snmp_community_config" time="0.107" /><testcase classname="backend.tests.test_settings_reports.TestSNMPSettings" name="test_get_snmp_v3_configs" time="0.123" /><testcase classname="backend.tests.test_settings_reports.TestOpenStackSettings" name="test_get_openstack_configs" time="0.455" /><testcase classname="backend.tests.test_settings_reports.TestOpenStackSettings" name="test_create_openstack_config" time="0.110" /><testcase classname="backend.tests.test_settings_reports.TestOracleSettings" name="test_get_oracle_configs" time="0.434" /><testcase classname="backend.tests.test_settings_reports.TestOracleSettings" name="test_create_oracle_config" time="0.108" /><testcase classname="backend.tests.test_settings_reports.TestVCenterSettings" name="test_get_vcenter_configs" time="0.512" /><testcase classname="backend.tests.test_settings_reports.TestVCenterSettings" name="test_create_vcenter_config" time="0.114" /><testcase classname="backend.tests.test_settings_reports.TestAAASettings" name="test_get_aaa_configs" time="0.476" /><testcase classname="backend.tests.test_settings_reports.TestAAASettings" name="test_create_radius_config" time="0.124" /><testcase classname="backend.tests.test_settings_reports.TestAAASettings" name="test_create_tacacs_config" time="0.135" /><testcase classname="backend.tests.test_settings_reports.TestBackupSettings" name="test_get_backup_configs" time="0.441" /><testcase classname="backend.tests.test_settings_reports.TestBackupSettings" name="test_create_scp_backup_config" time="0.116" /><testcase classname="backend.tests.test_settings_reports.TestBackupSettings" name="test_create_tftp_backup_config" time="0.127" /><testcase classname="backend.tests.test_settings_reports.TestBackupSettings" name="test_create_api_backup_config" time="0.161" /><testcase classname="backend.tests.test_settings_reports.TestReports" name="test_get_reports" time="0.489" /><testcase classname="backend.tests.test_settings_reports.TestReports" name="test_generate_daily_health_report" time="0.102" /><testcase classname="backend.tests.test_settings_reports.TestReports" name="test_generate_incident_summary_report" time="0.121" /><testcase classname="backend.tests.test_settings_reports.TestReports" name="test_generate_sla_compliance_report" time="0.142" /><testcase classname="backend.tests.test_settings_reports.TestReports" name="test_download_report_pdf" time="0.314" /><testcase classname="backend.tests.test_settings_reports.TestReports" name="test_download_report_csv" time="0.238" /><testcase classname="backend.tests.test_settings_reports.TestCleanup" name="test_cleanup_test_configs" time="2.258" /></testsuite></testsuites>