<?xml version="1.0" encoding="utf-8"?><testsuites name="pytest tests"><testsuite name="pytest" errors="0" failures="0" skipped="0" tests="17" time="8.257" timestamp="2026-04-02T10:41:38.939527+00:00" hostname="agent-env-8ee44d9f-a481-4e68-9d38-4355acb8b6a0"><testcase classname="backend.tests.test_network_diagnostics.TestNetworkDiagnostics" name="test_ping_basic_target" time="0.598" /><testcase classname="backend.tests.test_network_diagnostics.TestNetworkDiagnostics" name="test_ping_with_hostname" time="0.434" /><testcase classname="backend.tests.test_network_diagnostics.TestNetworkDiagnostics" name="test_ping_with_device_id" time="0.620" /><testcase classname="backend.tests.test_network_diagnostics.TestNetworkDiagnostics" name="test_ping_max_count_limit" time="0.447" /><testcase classname="backend.tests.test_network_diagnostics.TestNetworkDiagnostics" name="test_ping_status_values" time="0.413" /><testcase classname="backend.tests.test_network_diagnostics.TestNetworkDiagnostics" name="test_traceroute_basic_target" time="0.511" /><testcase classname="backend.tests.test_network_diagnostics.TestNetworkDiagnostics" name="test_traceroute_hop_details" time="0.424" /><testcase classname="backend.tests.test_network_diagnostics.TestNetworkDiagnostics" name="test_traceroute_path_quality_values" time="0.421" /><testcase classname="backend.tests.test_network_diagnostics.TestNetworkDiagnostics" name="test_traceroute_issues_detected" time="0.414" /><testcase classname="backend.tests.test_network_diagnostics.TestNetworkDiagnostics" name="test_traceroute_max_hops_limit" time="0.443" /><testcase classname="backend.tests.test_network_diagnostics.TestNetworkDiagnostics" name="test_traceroute_latency_fields" time="0.445" /><testcase classname="backend.tests.test_network_diagnostics.TestNetworkDiagnostics" name="test_diagnostics_history_endpoint" time="0.522" /><testcase classname="backend.tests.test_network_diagnostics.TestNetworkDiagnostics" name="test_diagnostics_history_filter_by_type" time="0.649" /><testcase classname="backend.tests.test_network_diagnostics.TestNetworkDiagnostics" name="test_diagnostics_history_limit" time="0.421" /><testcase classname="backend.tests.test_network_diagnostics.TestNetworkDiagnostics" name="test_ping_requires_auth" time="0.425" /><testcase classname="backend.tests.test_network_diagnostics.TestNetworkDiagnostics" name="test_traceroute_requires_auth" time="0.512" /><testcase classname="backend.tests.test_network_diagnostics.TestNetworkDiagnostics" name="test_history_requires_auth" time="0.429" /></testsuite></testsuites>