<?xml version="1.0" encoding="utf-8"?><testsuites name="pytest tests"><testsuite name="pytest" errors="0" failures="0" skipped="0" tests="20" time="81.523" timestamp="2026-05-09T12:03:26.472224+00:00" hostname="agent-env-8ee44d9f-a481-4e68-9d38-4355acb8b6a0"><testcase classname="backend.tests.test_audit_backup_aaa.TestAuditLogsAPI" name="test_get_audit_logs" time="0.455" /><testcase classname="backend.tests.test_audit_backup_aaa.TestAuditLogsAPI" name="test_get_audit_logs_with_filters" time="0.209" /><testcase classname="backend.tests.test_audit_backup_aaa.TestAuditLogsAPI" name="test_get_audit_stats" time="0.112" /><testcase classname="backend.tests.test_audit_backup_aaa.TestAuditLogsAPI" name="test_get_action_types" time="0.099" /><testcase classname="backend.tests.test_audit_backup_aaa.TestAuditLogsAPI" name="test_export_audit_logs_json" time="0.115" /><testcase classname="backend.tests.test_audit_backup_aaa.TestAuditLogsAPI" name="test_export_audit_logs_csv" time="0.106" /><testcase classname="backend.tests.test_audit_backup_aaa.TestAuditLogsAPI" name="test_audit_logs_admin_only" time="0.690" /><testcase classname="backend.tests.test_audit_backup_aaa.TestConfigBackupAPI" name="test_get_device_backups" time="0.650" /><testcase classname="backend.tests.test_audit_backup_aaa.TestConfigBackupAPI" name="test_fetch_device_config" time="30.154" /><testcase classname="backend.tests.test_audit_backup_aaa.TestConfigBackupAPI" name="test_create_device_backup" time="30.203" /><testcase classname="backend.tests.test_audit_backup_aaa.TestConfigBackupAPI" name="test_get_all_backups" time="0.228" /><testcase classname="backend.tests.test_audit_backup_aaa.TestAAASettingsAPI" name="test_get_aaa_configs" time="0.443" /><testcase classname="backend.tests.test_audit_backup_aaa.TestAAASettingsAPI" name="test_create_aaa_config" time="0.208" /><testcase classname="backend.tests.test_audit_backup_aaa.TestAAASettingsAPI" name="test_create_tacacs_config" time="0.215" /><testcase classname="backend.tests.test_audit_backup_aaa.TestAAASettingsAPI" name="test_update_aaa_config" time="0.355" /><testcase classname="backend.tests.test_audit_backup_aaa.TestAAASettingsAPI" name="test_delete_aaa_config" time="0.238" /><testcase classname="backend.tests.test_audit_backup_aaa.TestAAATestConnection" name="test_aaa_test_connection" time="5.725" /><testcase classname="backend.tests.test_audit_backup_aaa.TestAAALogin" name="test_aaa_login_fallback_to_local" time="5.674" /><testcase classname="backend.tests.test_audit_backup_aaa.TestAAALogin" name="test_aaa_login_invalid_credentials" time="5.129" /><testcase classname="backend.tests.test_audit_backup_aaa.TestSidebarNavigation" name="test_devices_endpoint_for_config_backup" time="0.456" /></testsuite></testsuites>