<?xml version="1.0" encoding="utf-8"?><testsuites name="pytest tests"><testsuite name="pytest" errors="0" failures="0" skipped="0" tests="14" time="30.754" timestamp="2026-04-23T06:34:29.849254+00:00" hostname="agent-env-8ee44d9f-a481-4e68-9d38-4355acb8b6a0"><testcase classname="backend.tests.test_standalone_features.TestHealthEndpoint" name="test_health_endpoint_returns_200" time="25.791" /><testcase classname="backend.tests.test_standalone_features.TestHealthEndpoint" name="test_health_endpoint_returns_correct_structure" time="0.155" /><testcase classname="backend.tests.test_standalone_features.TestAuthentication" name="test_login_with_admin_credentials" time="0.372" /><testcase classname="backend.tests.test_standalone_features.TestAuthentication" name="test_login_with_invalid_credentials" time="0.109" /><testcase classname="backend.tests.test_standalone_features.TestAuthentication" name="test_registration_flow" time="0.344" /><testcase classname="backend.tests.test_standalone_features.TestAuthentication" name="test_registration_with_existing_email" time="0.122" /><testcase classname="backend.tests.test_standalone_features.TestDashboardAccess" name="test_dashboard_stats_endpoint" time="0.433" /><testcase classname="backend.tests.test_standalone_features.TestDashboardAccess" name="test_devices_endpoint" time="0.482" /><testcase classname="backend.tests.test_standalone_features.TestDashboardAccess" name="test_alerts_endpoint" time="0.474" /><testcase classname="backend.tests.test_standalone_features.TestSettingsEndpoints" name="test_email_settings_endpoint" time="0.440" /><testcase classname="backend.tests.test_standalone_features.TestSettingsEndpoints" name="test_snmp_community_settings" time="0.553" /><testcase classname="backend.tests.test_standalone_features.TestSettingsEndpoints" name="test_openstack_settings" time="0.432" /><testcase classname="backend.tests.test_standalone_features.TestSettingsEndpoints" name="test_vcenter_settings" time="0.440" /><testcase classname="backend.tests.test_standalone_features.TestSettingsEndpoints" name="test_backup_settings" time="0.479" /></testsuite></testsuites>