<?xml version="1.0" encoding="utf-8"?><testsuites name="pytest tests"><testsuite name="pytest" errors="0" failures="0" skipped="0" tests="23" time="9.717" timestamp="2026-05-10T04:10:55.459739+00:00" hostname="agent-env-8ee44d9f-a481-4e68-9d38-4355acb8b6a0"><testcase classname="backend.tests.test_reports_discovery.TestReportGeneration" name="test_daily_health_report_generation" time="0.433" /><testcase classname="backend.tests.test_reports_discovery.TestReportGeneration" name="test_daily_health_cpu_metrics" time="0.408" /><testcase classname="backend.tests.test_reports_discovery.TestReportGeneration" name="test_daily_health_memory_metrics" time="0.389" /><testcase classname="backend.tests.test_reports_discovery.TestReportGeneration" name="test_daily_health_traffic_metrics" time="0.372" /><testcase classname="backend.tests.test_reports_discovery.TestReportGeneration" name="test_daily_health_interface_status" time="0.394" /><testcase classname="backend.tests.test_reports_discovery.TestReportGeneration" name="test_incident_summary_report_generation" time="0.396" /><testcase classname="backend.tests.test_reports_discovery.TestReportGeneration" name="test_incident_summary_suggested_rca" time="0.378" /><testcase classname="backend.tests.test_reports_discovery.TestReportGeneration" name="test_incident_summary_hardware_replacement" time="0.406" /><testcase classname="backend.tests.test_reports_discovery.TestReportGeneration" name="test_incident_summary_ios_bug_report" time="0.411" /><testcase classname="backend.tests.test_reports_discovery.TestReportGeneration" name="test_incident_summary_summary_stats" time="0.371" /><testcase classname="backend.tests.test_reports_discovery.TestReportGeneration" name="test_device_inventory_report_generation" time="0.382" /><testcase classname="backend.tests.test_reports_discovery.TestReportGeneration" name="test_device_inventory_oem_vendor" time="0.408" /><testcase classname="backend.tests.test_reports_discovery.TestReportGeneration" name="test_device_inventory_location" time="0.376" /><testcase classname="backend.tests.test_reports_discovery.TestReportGeneration" name="test_device_inventory_warranty_status" time="0.399" /><testcase classname="backend.tests.test_reports_discovery.TestReportGeneration" name="test_device_inventory_by_vendor_breakdown" time="0.396" /><testcase classname="backend.tests.test_reports_discovery.TestReportGeneration" name="test_device_inventory_by_location_breakdown" time="0.387" /><testcase classname="backend.tests.test_reports_discovery.TestAssetDeviceLink" name="test_assets_have_device_id_field" time="0.389" /><testcase classname="backend.tests.test_reports_discovery.TestAssetDeviceLink" name="test_assets_have_discovery_fields" time="0.380" /><testcase classname="backend.tests.test_reports_discovery.TestNetworkDiscoveryEndpoints" name="test_discovery_jobs_endpoint" time="0.371" /><testcase classname="backend.tests.test_reports_discovery.TestNetworkDiscoveryEndpoints" name="test_discovery_pending_endpoint" time="0.390" /><testcase classname="backend.tests.test_reports_discovery.TestNetworkDiscoveryEndpoints" name="test_discovery_request_endpoint_exists" time="0.424" /><testcase classname="backend.tests.test_reports_discovery.TestReportsList" name="test_get_reports_list" time="0.829" /><testcase classname="backend.tests.test_reports_discovery.TestReportsList" name="test_report_generation_all_types" time="0.533" /></testsuite></testsuites>